<?xml version="1.0" encoding="UTF-8"?>
<!-- Generated by org.testng.reporters.JUnitReportReporter -->
<testsuite skipped="0" hostname="EPDIN5L405562" name="test.Runners.TestRunner" tests="1" failures="0" timestamp="21 Jul 2019 13:15:02 GMT" time="45.623" errors="0">
  <testcase name="login" time="45.623" classname="test.Runners.TestRunner"/>
</testsuite> <!-- test.Runners.TestRunner -->
